<?xml version="1.0" encoding="UTF-8"?>
<testExecutions version="1">
  <file path="/home/geraldoluiz/Development/devops/handson-nestjs/src/app.controller.spec.ts">
  </file>
</testExecutions>